2020-06-11 23:05:09,944 DEBUG com.nagarro.restapi.base.BaseTest [main] Objects for extent report created succsessfully
2020-06-11 23:05:09,951 DEBUG com.nagarro.restapi.base.BaseTest [main] -----createUserSession method starts----
2020-06-11 23:05:14,246 DEBUG com.nagarro.restapi.base.BaseTest [main] User token:VqEFTjXUprH1aRJ+2joM3x3WSQYOmuYaVNeU2TTfJ+WWQcyvGzPvI5gYDC90/6vzIJcCIKY+8oDdkIYWQPtr4w==
2020-06-11 23:05:14,279 DEBUG com.nagarro.restapi.testcase.ActivityTest [main] ---FollowActivity method stats----
2020-06-11 23:05:15,630 DEBUG com.nagarro.restapi.testcase.ActivityTest [main] {"status":"ok"}
2020-06-11 23:05:15,636 DEBUG com.nagarro.restapi.testcase.ActivityTest [main] ---FollowActivity method ends----
2020-06-11 23:05:16,016 DEBUG com.nagarro.restapi.base.BaseTest [main] Extent report object flushed successfully.
2020-06-11 23:05:16,021 DEBUG com.nagarro.restapi.testcase.ActivityTest [main] ---GetActivity method stats----
2020-06-11 23:05:17,328 DEBUG com.nagarro.restapi.testcase.ActivityTest [main] {"page":1,"last_page":true,"activities":[{"activity_id":12031,"owner_type":"User","owner_id":"priyankakumari","owner_value":"priyankakumari","action":"favorited","trackable_id":63466,"trackable_type":"Quote","trackable_value":"\"Never let your schooling interfere with your education.\" - Priyanka","message":"User priyankakumari favorited Quote \"Never let your schooling interfere with your education.\" - Priyanka"},{"activity_id":12029,"owner_type":"User","owner_id":"priyankakumari","owner_value":"priyankakumari","action":"favorited","trackable_id":63465,"trackable_type":"Quote","trackable_value":"\"Never let your schooling interfere with your education.\" - Priyanka","message":"User priyankakumari favorited Quote \"Never let your schooling interfere with your education.\" - Priyanka"}]}
2020-06-11 23:05:17,422 DEBUG com.nagarro.restapi.testcase.ActivityTest [main] ---GetActivity method ends----
2020-06-11 23:05:17,462 DEBUG com.nagarro.restapi.base.BaseTest [main] Extent report object flushed successfully.
2020-06-11 23:05:17,465 DEBUG com.nagarro.restapi.testcase.ActivityTest [main] ---DeleteActivity method stats----
2020-06-11 23:05:18,796 DEBUG com.nagarro.restapi.testcase.ActivityTest [main] {"status":"ok"}
2020-06-11 23:05:18,796 DEBUG com.nagarro.restapi.testcase.ActivityTest [main] ---DeleteActivity method ends----
2020-06-11 23:05:18,846 DEBUG com.nagarro.restapi.base.BaseTest [main] Extent report object flushed successfully.
2020-06-11 23:05:18,849 DEBUG com.nagarro.restapi.testcase.PasswordTest [main] ---ForgotPassword method stats----
2020-06-11 23:05:20,455 DEBUG com.nagarro.restapi.testcase.PasswordTest [main] {"message": "A reset link has been emailed."}
2020-06-11 23:05:20,477 DEBUG com.nagarro.restapi.testcase.PasswordTest [main] ---ForgotPassword method stats----
2020-06-11 23:05:20,547 DEBUG com.nagarro.restapi.base.BaseTest [main] Extent report object flushed successfully.
2020-06-11 23:05:20,549 DEBUG com.nagarro.restapi.testcase.PasswordTest [main] ---ResetPassword method stats----
2020-06-11 23:05:21,840 DEBUG com.nagarro.restapi.testcase.PasswordTest [main] {"error_code": 33, "message": "Invalid password reset token."}
2020-06-11 23:05:21,862 DEBUG com.nagarro.restapi.testcase.PasswordTest [main] ---ResetPassword method stats----
2020-06-11 23:05:21,923 DEBUG com.nagarro.restapi.base.BaseTest [main] Extent report object flushed successfully.
2020-06-11 23:05:21,927 DEBUG com.nagarro.restapi.testcase.QuoteTest [main] ---AddQuote method stats----
2020-06-11 23:05:23,821 DEBUG com.nagarro.restapi.testcase.QuoteTest [main] {"id":63467,"dialogue":false,"private":false,"tags":[],"url":"https://favqs.com/quotes/priyanka/63467-never-let-you-","favorites_count":1,"upvotes_count":0,"downvotes_count":0,"author":"Priyanka","author_permalink":"priyanka","body":"Never let your schooling interfere with your education.","user_details":{"favorite":true,"upvote":false,"downvote":false,"hidden":false}}
2020-06-11 23:05:23,851 DEBUG com.nagarro.restapi.testcase.QuoteTest [main] ---AddQuote method ends----
2020-06-11 23:05:23,901 DEBUG com.nagarro.restapi.base.BaseTest [main] Extent report object flushed successfully.
2020-06-11 23:05:23,902 DEBUG com.nagarro.restapi.testcase.QuoteTest [main] ---FavQuote method stats----
2020-06-11 23:05:25,213 DEBUG com.nagarro.restapi.testcase.QuoteTest [main] {"id":63467,"dialogue":false,"private":false,"tags":[],"url":"https://favqs.com/quotes/priyanka/63467-never-let-you-","favorites_count":1,"upvotes_count":0,"downvotes_count":0,"author":"Priyanka","author_permalink":"priyanka","body":"Never let your schooling interfere with your education.","user_details":{"favorite":true,"upvote":false,"downvote":false,"hidden":false}}
2020-06-11 23:05:25,223 DEBUG com.nagarro.restapi.testcase.QuoteTest [main] ---FavQuote method stats----
2020-06-11 23:05:25,251 DEBUG com.nagarro.restapi.base.BaseTest [main] Extent report object flushed successfully.
2020-06-11 23:05:25,253 DEBUG com.nagarro.restapi.testcase.QuoteTest [main] ---HideQuote method stats----
2020-06-11 23:05:26,647 DEBUG com.nagarro.restapi.testcase.QuoteTest [main] {"id":63467,"dialogue":false,"private":false,"tags":[],"url":"https://favqs.com/quotes/priyanka/63467-never-let-you-","favorites_count":1,"upvotes_count":0,"downvotes_count":0,"author":"Priyanka","author_permalink":"priyanka","body":"Never let your schooling interfere with your education.","user_details":{"favorite":true,"upvote":false,"downvote":false,"hidden":true}}
2020-06-11 23:05:26,672 DEBUG com.nagarro.restapi.testcase.QuoteTest [main] ---HideQuote method ends----
2020-06-11 23:05:26,722 DEBUG com.nagarro.restapi.base.BaseTest [main] Extent report object flushed successfully.
2020-06-11 23:05:26,725 DEBUG com.nagarro.restapi.testcase.UsersTest [main] ---addNewUserFailTest method starts----
2020-06-11 23:05:28,264 DEBUG com.nagarro.restapi.testcase.UsersTest [main] {"error_code": 32, "message": "Username has already been taken; Email has already been taken"}
2020-06-11 23:05:28,285 DEBUG com.nagarro.restapi.testcase.UsersTest [main] ---addNewUserFailTest method ends----
2020-06-11 23:05:28,344 DEBUG com.nagarro.restapi.base.BaseTest [main] Extent report object flushed successfully.
2020-06-11 23:05:28,349 DEBUG com.nagarro.restapi.testcase.UsersTest [main] ---getUserTest method starts----
2020-06-11 23:05:29,661 DEBUG com.nagarro.restapi.testcase.UsersTest [main] {"login":"priyankakumari","pic_url":"https://favqs.s3.amazonaws.com/avatar.png","public_favorites_count":41,"following":1,"followers":0,"pro":false,"account_details":{"email":"priyankakhushbu@gmail.com","private_favorites_count":0}}
2020-06-11 23:05:29,661 DEBUG com.nagarro.restapi.testcase.UsersTest [main] ---getUserTest method ends----
2020-06-11 23:05:29,690 DEBUG com.nagarro.restapi.base.BaseTest [main] Extent report object flushed successfully.
2020-06-11 23:05:29,693 DEBUG com.nagarro.restapi.testcase.UsersTest [main] ---UpdateUser method starts----
2020-06-11 23:05:30,932 DEBUG com.nagarro.restapi.testcase.UsersTest [main] {"message": "User successfully updated."}
2020-06-11 23:05:30,951 DEBUG com.nagarro.restapi.testcase.UsersTest [main] ---UpdateUser method ends----
2020-06-11 23:05:31,013 DEBUG com.nagarro.restapi.base.BaseTest [main] Extent report object flushed successfully.
